INFO 2020-11-27 17:35:24,008 root : Сервер доступний. Час на сервері: 27/11/2020 15:35:24
INFO 2020-11-27 17:35:24,008 root : Запитувана сторінка: : http://localhost:8000/health/
INFO 2020-11-27 17:35:24,008 root : Відповідь сервера містить наступні поля:
INFO 2020-11-27 17:35:24,008 root : Ключ: date, Значення: 27/11/2020 15:35:24
INFO 2020-11-27 17:35:24,008 root : Ключ: current_page, Значення: http://localhost:8000/health/
INFO 2020-11-27 17:35:24,008 root : Ключ: server_info, Значення: ['Linux', 'illya-VirtualBox', '5.4.0-52-generic', '#57-Ubuntu SMP Thu Oct 15 10:57:00 UTC 2020', 'x86_64']
INFO 2020-11-27 17:35:24,008 root : Ключ: client_info, Значення: python-requests/2.25.0
INFO 2020-11-27 17:38:29,038 root : Сервер доступний. Час на сервері: 24/11/2020 15:38:29
INFO 2020-11-27 17:38:29,038 root : Запитувана сторінка: : http://localhost:8000/health/
INFO 2020-11-27 17:38:29,038 root : Відповідь сервера містить наступні поля:
INFO 2020-11-27 17:38:29,038 root : Ключ: date, Значення: 27/11/2020 15:38:29
INFO 2020-11-27 17:38:29,038 root : Ключ: current_page, Значення: http://localhost:8000/health/
INFO 2020-11-27 17:38:29,038 root : Ключ: server_info, Значення: ['Linux', 'illya-VirtualBox', '5.4.0-52-generic', '#57-Ubuntu SMP Thu Oct 15 10:57:00 UTC 2020', 'x86_64']
INFO 2020-11-27 17:38:29,038 root : Ключ: client_info, Значення: python-requests/2.22.0
INFO 2020-11-27 17:42:13,831 root : Сервер доступний. Час на сервері: 24/11/2020 15:42:13
INFO 2020-11-27 17:42:13,831 root : Запитувана сторінка: : http://localhost:8000/health/
INFO 2020-11-27 17:42:13,831 root : Відповідь сервера містить наступні поля:
INFO 2020-11-27 17:42:13,831 root : Ключ: date, Значення: 27/11/2020 15:42:13
INFO 2020-11-27 17:42:13,831 root : Ключ: current_page, Значення: http://localhost:8000/health/
INFO 2020-11-27 17:42:13,831 root : Ключ: server_info, Значення: ['Linux', 'illya-VirtualBox', '5.4.0-52-generic', '#57-Ubuntu SMP Thu Oct 15 10:57:00 UTC 2020', 'x86_64']
INFO 2020-11-27 17:42:13,832 root : Ключ: client_info, Значення: python-requests/2.22.0
INFO 2020-11-27 17:43:13,902 root : Сервер доступний. Час на сервері: 27/11/2020 15:43:13
INFO 2020-11-27 17:43:13,902 root : Запитувана сторінка: : http://localhost:8000/health/
INFO 2020-11-27 17:43:13,902 root : Відповідь сервера містить наступні поля:
INFO 2020-11-27 17:43:13,902 root : Ключ: date, Значення: 27/11/2020 15:43:13
INFO 2020-11-27 17:43:13,902 root : Ключ: current_page, Значення: http://localhost:8000/health/
INFO 2020-11-27 17:43:13,902 root : Ключ: server_info, Значення: ['Linux', 'illya-VirtualBox', '5.4.0-52-generic', '#57-Ubuntu SMP Thu Oct 15 10:57:00 UTC 2020', 'x86_64']